nohup: ignoring input
Using TensorFlow backend.
Glove/glove.twitter.27B.100d.txt
Total 1193514 word vectors.
Loading Data is Done
Create model of RNN
WARNING:tensorflow:From /home/chaotf/.local/lib/python3.7/site-packages/tensorflow/python/ops/resource_variable_ops.py:435: colocate_with (from tensorflow.python.framework.ops) is deprecated and will be removed in a future version.
Instructions for updating:
Colocations handled automatically by placer.
2020-08-11 13:09:20.624073: I tensorflow/core/platform/cpu_feature_guard.cc:141] Your CPU supports instructions that this TensorFlow binary was not compiled to use: AVX2 FMA
2020-08-11 13:09:20.656823: I tensorflow/core/platform/profile_utils/cpu_utils.cc:94] CPU Frequency: 2500010000 Hz
2020-08-11 13:09:20.660657: I tensorflow/compiler/xla/service/service.cc:150] XLA service 0x55726c146860 executing computations on platform Host. Devices:
2020-08-11 13:09:20.660699: I tensorflow/compiler/xla/service/service.cc:158]   StreamExecutor device (0): <undefined>, <undefined>
2020-08-11 13:09:20.858677: I tensorflow/core/common_runtime/gpu/gpu_device.cc:1433] Found device 0 with properties: 
name: GeForce RTX 2080 Ti major: 7 minor: 5 memoryClockRate(GHz): 1.545
pciBusID: 0000:83:00.0
totalMemory: 10.73GiB freeMemory: 10.57GiB
2020-08-11 13:09:20.858727: I tensorflow/core/common_runtime/gpu/gpu_device.cc:1512] Adding visible gpu devices: 0
2020-08-11 13:09:20.860832: I tensorflow/core/common_runtime/gpu/gpu_device.cc:984] Device interconnect StreamExecutor with strength 1 edge matrix:
2020-08-11 13:09:20.860853: I tensorflow/core/common_runtime/gpu/gpu_device.cc:990]      0 
2020-08-11 13:09:20.860863: I tensorflow/core/common_runtime/gpu/gpu_device.cc:1003] 0:   N 
2020-08-11 13:09:20.861513: I tensorflow/core/common_runtime/gpu/gpu_device.cc:1115] Created TensorFlow device (/job:localhost/replica:0/task:0/device:GPU:0 with 10284 MB memory) -> physical GPU (device: 0, name: GeForce RTX 2080 Ti, pci bus id: 0000:83:00.0, compute capability: 7.5)
2020-08-11 13:09:20.863718: I tensorflow/compiler/xla/service/service.cc:150] XLA service 0x55726b3521c0 executing computations on platform CUDA. Devices:
2020-08-11 13:09:20.863743: I tensorflow/compiler/xla/service/service.cc:158]   StreamExecutor device (0): GeForce RTX 2080 Ti, Compute Capability 7.5
class: 2
Model: "model_1"
__________________________________________________________________________________________________
Layer (type)                    Output Shape         Param #     Connected to                     
==================================================================================================
x1_input (InputLayer)           (None, 50)           0                                            
__________________________________________________________________________________________________
x2_input (InputLayer)           (None, 50)           0                                            
__________________________________________________________________________________________________
embedding_1 (Embedding)         (None, 50, 100)      6078700     x1_input[0][0]                   
__________________________________________________________________________________________________
embedding_2 (Embedding)         (None, 50, 100)      6078700     x2_input[0][0]                   
__________________________________________________________________________________________________
bidirectional_1 (Bidirectional) (None, 50, 200)      120600      embedding_1[0][0]                
__________________________________________________________________________________________________
bidirectional_3 (Bidirectional) (None, 50, 200)      120600      embedding_2[0][0]                
__________________________________________________________________________________________________
bidirectional_2 (Bidirectional) (None, 50, 200)      180600      bidirectional_1[0][0]            
__________________________________________________________________________________________________
bidirectional_4 (Bidirectional) (None, 50, 200)      180600      bidirectional_3[0][0]            
__________________________________________________________________________________________________
lambda_1 (Lambda)               (None, 200)          0           bidirectional_2[0][0]            
__________________________________________________________________________________________________
lambda_2 (Lambda)               (None, 200)          0           bidirectional_4[0][0]            
__________________________________________________________________________________________________
dense_1 (Dense)                 (None, 200)          40200       lambda_1[0][0]                   
__________________________________________________________________________________________________
dense_2 (Dense)                 (None, 200)          40200       lambda_2[0][0]                   
__________________________________________________________________________________________________
dropout_1 (Dropout)             (None, 200)          0           dense_1[0][0]                    
__________________________________________________________________________________________________
dropout_2 (Dropout)             (None, 200)          0           dense_2[0][0]                    
__________________________________________________________________________________________________
subtract_1 (Subtract)           (None, 200)          0           dropout_1[0][0]                  
                                                                 dropout_2[0][0]                  
__________________________________________________________________________________________________
dense_3 (Dense)                 (None, 1)            201         subtract_1[0][0]                 
==================================================================================================
Total params: 12,840,401
Trainable params: 683,001
Non-trainable params: 12,157,400
__________________________________________________________________________________________________
WARNING:tensorflow:From /home/chaotf/.local/lib/python3.7/site-packages/tensorflow/python/ops/math_ops.py:3066: to_int32 (from tensorflow.python.ops.math_ops) is deprecated and will be removed in a future version.
Instructions for updating:
Use tf.cast instead.
Train on 83036 samples, validate on 20760 samples
Epoch 1/50
2020-08-11 13:09:32.610980: I tensorflow/stream_executor/dso_loader.cc:152] successfully opened CUDA library libcublas.so.10.0 locally
 - 719s - loss: 0.2822 - acc: 0.8908 - val_loss: 0.3210 - val_acc: 0.8715
Epoch 2/50
 - 727s - loss: 0.2412 - acc: 0.9099 - val_loss: 0.3082 - val_acc: 0.8737
Epoch 3/50
 - 712s - loss: 0.2269 - acc: 0.9170 - val_loss: 0.3036 - val_acc: 0.8809
Epoch 4/50
 - 744s - loss: 0.2171 - acc: 0.9208 - val_loss: 0.3019 - val_acc: 0.8815
Epoch 5/50
 - 729s - loss: 0.2086 - acc: 0.9246 - val_loss: 0.3010 - val_acc: 0.8829
Epoch 6/50
 - 722s - loss: 0.2018 - acc: 0.9278 - val_loss: 0.3013 - val_acc: 0.8834
Epoch 7/50
 - 715s - loss: 0.1962 - acc: 0.9292 - val_loss: 0.3149 - val_acc: 0.8785
Epoch 8/50
 - 720s - loss: 0.1910 - acc: 0.9313 - val_loss: 0.3296 - val_acc: 0.8671
Epoch 9/50
 - 730s - loss: 0.1867 - acc: 0.9329 - val_loss: 0.3025 - val_acc: 0.8810
Epoch 10/50
 - 735s - loss: 0.1805 - acc: 0.9362 - val_loss: 0.3175 - val_acc: 0.8745
Epoch 11/50
 - 730s - loss: 0.1757 - acc: 0.9377 - val_loss: 0.3130 - val_acc: 0.8741
Epoch 12/50
 - 732s - loss: 0.1727 - acc: 0.9394 - val_loss: 0.3155 - val_acc: 0.8748
Epoch 13/50
 - 767s - loss: 0.1683 - acc: 0.9399 - val_loss: 0.3371 - val_acc: 0.8617
Epoch 14/50
 - 715s - loss: 0.1651 - acc: 0.9416 - val_loss: 0.3547 - val_acc: 0.8611
Epoch 15/50
 - 705s - loss: 0.1630 - acc: 0.9418 - val_loss: 0.3199 - val_acc: 0.8755
Epoch 16/50
 - 727s - loss: 0.1607 - acc: 0.9436 - val_loss: 0.3374 - val_acc: 0.8722
Epoch 17/50
 - 713s - loss: 0.1577 - acc: 0.9444 - val_loss: 0.3424 - val_acc: 0.8619
Epoch 18/50
 - 719s - loss: 0.1569 - acc: 0.9444 - val_loss: 0.3201 - val_acc: 0.8691
Epoch 19/50
 - 715s - loss: 0.1530 - acc: 0.9459 - val_loss: 0.3409 - val_acc: 0.8728
Epoch 20/50
 - 714s - loss: 0.1525 - acc: 0.9469 - val_loss: 0.3542 - val_acc: 0.8635
Epoch 21/50
 - 712s - loss: 0.1503 - acc: 0.9473 - val_loss: 0.3451 - val_acc: 0.8729
Epoch 22/50
 - 713s - loss: 0.1497 - acc: 0.9473 - val_loss: 0.3443 - val_acc: 0.8688
Epoch 23/50
 - 715s - loss: 0.1455 - acc: 0.9487 - val_loss: 0.3562 - val_acc: 0.8675
Epoch 24/50
 - 712s - loss: 0.1468 - acc: 0.9484 - val_loss: 0.3581 - val_acc: 0.8665
Epoch 25/50
 - 712s - loss: 0.1455 - acc: 0.9492 - val_loss: 0.3558 - val_acc: 0.8678
Epoch 26/50
 - 708s - loss: 0.1436 - acc: 0.9499 - val_loss: 0.3615 - val_acc: 0.8688
Epoch 27/50
 - 707s - loss: 0.1441 - acc: 0.9496 - val_loss: 0.3374 - val_acc: 0.8693
Epoch 28/50
 - 704s - loss: 0.1431 - acc: 0.9499 - val_loss: 0.3365 - val_acc: 0.8694
Epoch 29/50
 - 757s - loss: 0.1421 - acc: 0.9499 - val_loss: 0.3504 - val_acc: 0.8699
Epoch 30/50
 - 844s - loss: 0.1436 - acc: 0.9495 - val_loss: 0.3593 - val_acc: 0.8621
Epoch 31/50
 - 715s - loss: 0.1393 - acc: 0.9509 - val_loss: 0.3860 - val_acc: 0.8600
Epoch 32/50
 - 707s - loss: 0.1405 - acc: 0.9501 - val_loss: 0.3495 - val_acc: 0.8685
Epoch 33/50
 - 706s - loss: 0.1397 - acc: 0.9512 - val_loss: 0.3203 - val_acc: 0.8760
Epoch 34/50
 - 705s - loss: 0.1395 - acc: 0.9511 - val_loss: 0.3203 - val_acc: 0.8774
Epoch 35/50
 - 704s - loss: 0.1381 - acc: 0.9513 - val_loss: 0.3629 - val_acc: 0.8741
Epoch 36/50
 - 706s - loss: 0.1400 - acc: 0.9501 - val_loss: 0.3322 - val_acc: 0.8733
Epoch 37/50
 - 706s - loss: 0.1400 - acc: 0.9499 - val_loss: 0.3433 - val_acc: 0.8677
Epoch 38/50
 - 704s - loss: 0.1387 - acc: 0.9516 - val_loss: 0.3322 - val_acc: 0.8687
Epoch 39/50
 - 706s - loss: 0.1382 - acc: 0.9511 - val_loss: 0.3507 - val_acc: 0.8581
Epoch 40/50
 - 708s - loss: 0.1374 - acc: 0.9508 - val_loss: 0.3691 - val_acc: 0.8625
Epoch 41/50
 - 705s - loss: 0.1382 - acc: 0.9508 - val_loss: 0.3701 - val_acc: 0.8683
Epoch 42/50
 - 704s - loss: 0.1385 - acc: 0.9512 - val_loss: 0.3405 - val_acc: 0.8738
Epoch 43/50
 - 704s - loss: 0.1377 - acc: 0.9513 - val_loss: 0.3714 - val_acc: 0.8599
Epoch 44/50
 - 704s - loss: 0.1397 - acc: 0.9502 - val_loss: 0.3567 - val_acc: 0.8635
Epoch 45/50
 - 705s - loss: 0.1372 - acc: 0.9516 - val_loss: 0.3210 - val_acc: 0.8752
Epoch 46/50
 - 704s - loss: 0.1397 - acc: 0.9507 - val_loss: 0.3690 - val_acc: 0.8688
Epoch 47/50
 - 705s - loss: 0.1355 - acc: 0.9520 - val_loss: 0.3357 - val_acc: 0.8734
Epoch 48/50
 - 706s - loss: 0.1385 - acc: 0.9513 - val_loss: 0.3412 - val_acc: 0.8673
Epoch 49/50
 - 705s - loss: 0.1380 - acc: 0.9513 - val_loss: 0.3436 - val_acc: 0.8703
Epoch 50/50
 - 707s - loss: 0.1378 - acc: 0.9509 - val_loss: 0.3659 - val_acc: 0.8653
Saving model to disk 

