nohup: ignoring input
Using TensorFlow backend.
Glove/glove.twitter.27B.100d.txt
Total 1193514 word vectors.
Loading Data is Done
Create model of RNN
WARNING:tensorflow:From /home/chaotf/.local/lib/python3.7/site-packages/tensorflow/python/ops/resource_variable_ops.py:435: colocate_with (from tensorflow.python.framework.ops) is deprecated and will be removed in a future version.
Instructions for updating:
Colocations handled automatically by placer.
2020-08-17 22:27:50.786741: I tensorflow/core/platform/cpu_feature_guard.cc:141] Your CPU supports instructions that this TensorFlow binary was not compiled to use: AVX2 FMA
2020-08-17 22:27:50.832764: I tensorflow/core/platform/profile_utils/cpu_utils.cc:94] CPU Frequency: 2500010000 Hz
2020-08-17 22:27:50.835801: I tensorflow/compiler/xla/service/service.cc:150] XLA service 0x55cfefa759d0 executing computations on platform Host. Devices:
2020-08-17 22:27:50.835840: I tensorflow/compiler/xla/service/service.cc:158]   StreamExecutor device (0): <undefined>, <undefined>
2020-08-17 22:27:53.477901: I tensorflow/core/common_runtime/gpu/gpu_device.cc:1433] Found device 0 with properties: 
name: GeForce RTX 2080 Ti major: 7 minor: 5 memoryClockRate(GHz): 1.545
pciBusID: 0000:02:00.0
totalMemory: 10.73GiB freeMemory: 10.57GiB
2020-08-17 22:27:53.477949: I tensorflow/core/common_runtime/gpu/gpu_device.cc:1512] Adding visible gpu devices: 0
2020-08-17 22:27:53.479513: I tensorflow/core/common_runtime/gpu/gpu_device.cc:984] Device interconnect StreamExecutor with strength 1 edge matrix:
2020-08-17 22:27:53.479530: I tensorflow/core/common_runtime/gpu/gpu_device.cc:990]      0 
2020-08-17 22:27:53.479537: I tensorflow/core/common_runtime/gpu/gpu_device.cc:1003] 0:   N 
2020-08-17 22:27:53.480037: I tensorflow/core/common_runtime/gpu/gpu_device.cc:1115] Created TensorFlow device (/job:localhost/replica:0/task:0/device:GPU:0 with 10284 MB memory) -> physical GPU (device: 0, name: GeForce RTX 2080 Ti, pci bus id: 0000:02:00.0, compute capability: 7.5)
2020-08-17 22:27:53.482861: I tensorflow/compiler/xla/service/service.cc:150] XLA service 0x55cfeed7b230 executing computations on platform CUDA. Devices:
2020-08-17 22:27:53.482882: I tensorflow/compiler/xla/service/service.cc:158]   StreamExecutor device (0): GeForce RTX 2080 Ti, Compute Capability 7.5
class: 2
Model: "model_1"
__________________________________________________________________________________________________
Layer (type)                    Output Shape         Param #     Connected to                     
==================================================================================================
x1_input (InputLayer)           (None, 50)           0                                            
__________________________________________________________________________________________________
x2_input (InputLayer)           (None, 50)           0                                            
__________________________________________________________________________________________________
embedding_1 (Embedding)         (None, 50, 100)      6078700     x1_input[0][0]                   
__________________________________________________________________________________________________
embedding_2 (Embedding)         (None, 50, 100)      6078700     x2_input[0][0]                   
__________________________________________________________________________________________________
bidirectional_1 (Bidirectional) (None, 50, 200)      120600      embedding_1[0][0]                
__________________________________________________________________________________________________
bidirectional_3 (Bidirectional) (None, 50, 200)      120600      embedding_2[0][0]                
__________________________________________________________________________________________________
bidirectional_2 (Bidirectional) (None, 50, 200)      180600      bidirectional_1[0][0]            
__________________________________________________________________________________________________
bidirectional_4 (Bidirectional) (None, 50, 200)      180600      bidirectional_3[0][0]            
__________________________________________________________________________________________________
lambda_1 (Lambda)               (None, 200)          0           bidirectional_2[0][0]            
__________________________________________________________________________________________________
lambda_2 (Lambda)               (None, 200)          0           bidirectional_4[0][0]            
__________________________________________________________________________________________________
dense_1 (Dense)                 (None, 200)          40200       lambda_1[0][0]                   
__________________________________________________________________________________________________
dense_2 (Dense)                 (None, 200)          40200       lambda_2[0][0]                   
__________________________________________________________________________________________________
dropout_1 (Dropout)             (None, 200)          0           dense_1[0][0]                    
__________________________________________________________________________________________________
dropout_2 (Dropout)             (None, 200)          0           dense_2[0][0]                    
__________________________________________________________________________________________________
subtract_1 (Subtract)           (None, 200)          0           dropout_1[0][0]                  
                                                                 dropout_2[0][0]                  
__________________________________________________________________________________________________
dense_3 (Dense)                 (None, 1)            201         subtract_1[0][0]                 
==================================================================================================
Total params: 12,840,401
Trainable params: 683,001
Non-trainable params: 12,157,400
__________________________________________________________________________________________________
WARNING:tensorflow:From /home/chaotf/.local/lib/python3.7/site-packages/tensorflow/python/ops/math_ops.py:3066: to_int32 (from tensorflow.python.ops.math_ops) is deprecated and will be removed in a future version.
Instructions for updating:
Use tf.cast instead.
Train on 83036 samples, validate on 20760 samples
Epoch 1/50
2020-08-17 22:28:06.841148: I tensorflow/stream_executor/dso_loader.cc:152] successfully opened CUDA library libcublas.so.10.0 locally
