nohup: ignoring input
Using TensorFlow backend.
Glove/glove.twitter.27B.100d.txt
Total 1193514 word vectors.
Loading Data is Done
Create model of RNN
WARNING:tensorflow:From /home/chaotf/.local/lib/python3.7/site-packages/tensorflow/python/ops/resource_variable_ops.py:435: colocate_with (from tensorflow.python.framework.ops) is deprecated and will be removed in a future version.
Instructions for updating:
Colocations handled automatically by placer.
2020-08-18 10:43:55.773521: I tensorflow/core/platform/cpu_feature_guard.cc:141] Your CPU supports instructions that this TensorFlow binary was not compiled to use: AVX2 FMA
2020-08-18 10:43:55.804911: I tensorflow/core/platform/profile_utils/cpu_utils.cc:94] CPU Frequency: 2500010000 Hz
2020-08-18 10:43:55.808325: I tensorflow/compiler/xla/service/service.cc:150] XLA service 0x5644af232560 executing computations on platform Host. Devices:
2020-08-18 10:43:55.808376: I tensorflow/compiler/xla/service/service.cc:158]   StreamExecutor device (0): <undefined>, <undefined>
2020-08-18 10:43:58.682295: I tensorflow/core/common_runtime/gpu/gpu_device.cc:1433] Found device 0 with properties: 
name: GeForce RTX 2080 Ti major: 7 minor: 5 memoryClockRate(GHz): 1.545
pciBusID: 0000:03:00.0
totalMemory: 10.73GiB freeMemory: 10.57GiB
2020-08-18 10:43:58.682366: I tensorflow/core/common_runtime/gpu/gpu_device.cc:1512] Adding visible gpu devices: 0
2020-08-18 10:43:58.683538: I tensorflow/core/common_runtime/gpu/gpu_device.cc:984] Device interconnect StreamExecutor with strength 1 edge matrix:
2020-08-18 10:43:58.683555: I tensorflow/core/common_runtime/gpu/gpu_device.cc:990]      0 
2020-08-18 10:43:58.683562: I tensorflow/core/common_runtime/gpu/gpu_device.cc:1003] 0:   N 
2020-08-18 10:43:58.684062: I tensorflow/core/common_runtime/gpu/gpu_device.cc:1115] Created TensorFlow device (/job:localhost/replica:0/task:0/device:GPU:0 with 10284 MB memory) -> physical GPU (device: 0, name: GeForce RTX 2080 Ti, pci bus id: 0000:03:00.0, compute capability: 7.5)
2020-08-18 10:43:58.687873: I tensorflow/compiler/xla/service/service.cc:150] XLA service 0x5644ae906280 executing computations on platform CUDA. Devices:
2020-08-18 10:43:58.687896: I tensorflow/compiler/xla/service/service.cc:158]   StreamExecutor device (0): GeForce RTX 2080 Ti, Compute Capability 7.5
class: 2
Model: "model_1"
__________________________________________________________________________________________________
Layer (type)                    Output Shape         Param #     Connected to                     
==================================================================================================
x1_input (InputLayer)           (None, 50)           0                                            
__________________________________________________________________________________________________
x2_input (InputLayer)           (None, 50)           0                                            
__________________________________________________________________________________________________
embedding_1 (Embedding)         (None, 50, 100)      6078700     x1_input[0][0]                   
__________________________________________________________________________________________________
embedding_2 (Embedding)         (None, 50, 100)      6078700     x2_input[0][0]                   
__________________________________________________________________________________________________
bidirectional_1 (Bidirectional) (None, 50, 200)      120600      embedding_1[0][0]                
__________________________________________________________________________________________________
bidirectional_3 (Bidirectional) (None, 50, 200)      120600      embedding_2[0][0]                
__________________________________________________________________________________________________
bidirectional_2 (Bidirectional) (None, 50, 200)      180600      bidirectional_1[0][0]            
__________________________________________________________________________________________________
bidirectional_4 (Bidirectional) (None, 50, 200)      180600      bidirectional_3[0][0]            
__________________________________________________________________________________________________
lambda_1 (Lambda)               (None, 200)          0           bidirectional_2[0][0]            
__________________________________________________________________________________________________
lambda_2 (Lambda)               (None, 200)          0           bidirectional_4[0][0]            
__________________________________________________________________________________________________
dense_1 (Dense)                 (None, 200)          40200       lambda_1[0][0]                   
__________________________________________________________________________________________________
dense_2 (Dense)                 (None, 200)          40200       lambda_2[0][0]                   
__________________________________________________________________________________________________
dropout_1 (Dropout)             (None, 200)          0           dense_1[0][0]                    
__________________________________________________________________________________________________
dropout_2 (Dropout)             (None, 200)          0           dense_2[0][0]                    
__________________________________________________________________________________________________
subtract_1 (Subtract)           (None, 200)          0           dropout_1[0][0]                  
                                                                 dropout_2[0][0]                  
__________________________________________________________________________________________________
dense_3 (Dense)                 (None, 1)            201         subtract_1[0][0]                 
==================================================================================================
Total params: 12,840,401
Trainable params: 683,001
Non-trainable params: 12,157,400
__________________________________________________________________________________________________
WARNING:tensorflow:From /home/chaotf/.local/lib/python3.7/site-packages/tensorflow/python/ops/math_ops.py:3066: to_int32 (from tensorflow.python.ops.math_ops) is deprecated and will be removed in a future version.
Instructions for updating:
Use tf.cast instead.
Train on 83036 samples, validate on 20760 samples
Epoch 1/50
2020-08-18 10:44:09.716221: I tensorflow/stream_executor/dso_loader.cc:152] successfully opened CUDA library libcublas.so.10.0 locally
 - 698s - loss: 0.2822 - acc: 0.8908 - val_loss: 0.3210 - val_acc: 0.8715
Epoch 2/50
 - 805s - loss: 0.2412 - acc: 0.9097 - val_loss: 0.3124 - val_acc: 0.8736
Epoch 3/50
 - 816s - loss: 0.2277 - acc: 0.9163 - val_loss: 0.3061 - val_acc: 0.8801
Epoch 4/50
 - 814s - loss: 0.2170 - acc: 0.9198 - val_loss: 0.3024 - val_acc: 0.8806
Epoch 5/50
 - 803s - loss: 0.2086 - acc: 0.9250 - val_loss: 0.3066 - val_acc: 0.8836
Epoch 6/50
 - 781s - loss: 0.2004 - acc: 0.9272 - val_loss: 0.3010 - val_acc: 0.8842
Epoch 7/50
 - 814s - loss: 0.1964 - acc: 0.9289 - val_loss: 0.3108 - val_acc: 0.8810
Epoch 8/50
 - 816s - loss: 0.1916 - acc: 0.9313 - val_loss: 0.3265 - val_acc: 0.8654
Epoch 9/50
 - 814s - loss: 0.1852 - acc: 0.9342 - val_loss: 0.3116 - val_acc: 0.8780
Epoch 10/50
 - 812s - loss: 0.1801 - acc: 0.9363 - val_loss: 0.3123 - val_acc: 0.8776
Epoch 11/50
 - 812s - loss: 0.1760 - acc: 0.9372 - val_loss: 0.3211 - val_acc: 0.8678
Epoch 12/50
 - 811s - loss: 0.1726 - acc: 0.9392 - val_loss: 0.3207 - val_acc: 0.8713
Epoch 13/50
 - 814s - loss: 0.1688 - acc: 0.9401 - val_loss: 0.3354 - val_acc: 0.8661
Epoch 14/50
 - 810s - loss: 0.1637 - acc: 0.9418 - val_loss: 0.3356 - val_acc: 0.8645
Epoch 15/50
 - 813s - loss: 0.1627 - acc: 0.9426 - val_loss: 0.3160 - val_acc: 0.8767
Epoch 16/50
 - 809s - loss: 0.1601 - acc: 0.9429 - val_loss: 0.3478 - val_acc: 0.8740
Epoch 17/50
 - 809s - loss: 0.1559 - acc: 0.9453 - val_loss: 0.3596 - val_acc: 0.8536
Epoch 18/50
 - 809s - loss: 0.1549 - acc: 0.9456 - val_loss: 0.3232 - val_acc: 0.8776
Epoch 19/50
 - 810s - loss: 0.1526 - acc: 0.9464 - val_loss: 0.3457 - val_acc: 0.8760
Epoch 20/50
 - 814s - loss: 0.1511 - acc: 0.9476 - val_loss: 0.3462 - val_acc: 0.8675
Epoch 21/50
 - 806s - loss: 0.1486 - acc: 0.9475 - val_loss: 0.3531 - val_acc: 0.8774
Epoch 22/50
 - 720s - loss: 0.1468 - acc: 0.9480 - val_loss: 0.3515 - val_acc: 0.8664
Epoch 23/50
 - 798s - loss: 0.1455 - acc: 0.9489 - val_loss: 0.3684 - val_acc: 0.8608
Epoch 24/50
 - 812s - loss: 0.1447 - acc: 0.9491 - val_loss: 0.3461 - val_acc: 0.8695
Epoch 25/50
 - 814s - loss: 0.1425 - acc: 0.9500 - val_loss: 0.3763 - val_acc: 0.8594
Epoch 26/50
 - 810s - loss: 0.1420 - acc: 0.9501 - val_loss: 0.3585 - val_acc: 0.8740
Epoch 27/50
 - 813s - loss: 0.1422 - acc: 0.9500 - val_loss: 0.3421 - val_acc: 0.8650
Epoch 28/50
 - 815s - loss: 0.1408 - acc: 0.9503 - val_loss: 0.3370 - val_acc: 0.8774
Epoch 29/50
 - 815s - loss: 0.1401 - acc: 0.9500 - val_loss: 0.3627 - val_acc: 0.8734
Epoch 30/50
 - 756s - loss: 0.1417 - acc: 0.9502 - val_loss: 0.3990 - val_acc: 0.8603
Epoch 31/50
 - 761s - loss: 0.1401 - acc: 0.9505 - val_loss: 0.3668 - val_acc: 0.8656
Epoch 32/50
 - 751s - loss: 0.1387 - acc: 0.9500 - val_loss: 0.3596 - val_acc: 0.8671
Epoch 33/50
 - 770s - loss: 0.1378 - acc: 0.9521 - val_loss: 0.3389 - val_acc: 0.8698
Epoch 34/50
 - 811s - loss: 0.1391 - acc: 0.9512 - val_loss: 0.3460 - val_acc: 0.8717
Epoch 35/50
 - 811s - loss: 0.1355 - acc: 0.9520 - val_loss: 0.3664 - val_acc: 0.8761
Epoch 36/50
 - 815s - loss: 0.1370 - acc: 0.9515 - val_loss: 0.3426 - val_acc: 0.8731
Epoch 37/50
 - 815s - loss: 0.1389 - acc: 0.9508 - val_loss: 0.3489 - val_acc: 0.8703
Epoch 38/50
 - 814s - loss: 0.1372 - acc: 0.9515 - val_loss: 0.3632 - val_acc: 0.8592
Epoch 39/50
 - 810s - loss: 0.1368 - acc: 0.9518 - val_loss: 0.3875 - val_acc: 0.8592
Epoch 40/50
 - 812s - loss: 0.1379 - acc: 0.9506 - val_loss: 0.3436 - val_acc: 0.8651
Epoch 41/50
 - 812s - loss: 0.1349 - acc: 0.9526 - val_loss: 0.3420 - val_acc: 0.8649
Epoch 42/50
 - 770s - loss: 0.1363 - acc: 0.9519 - val_loss: 0.3530 - val_acc: 0.8704
Epoch 43/50
 - 681s - loss: 0.1355 - acc: 0.9522 - val_loss: 0.3768 - val_acc: 0.8574
Epoch 44/50
 - 680s - loss: 0.1367 - acc: 0.9516 - val_loss: 0.3877 - val_acc: 0.8668
Epoch 45/50
 - 686s - loss: 0.1374 - acc: 0.9519 - val_loss: 0.3407 - val_acc: 0.8687
Epoch 46/50
 - 683s - loss: 0.1376 - acc: 0.9512 - val_loss: 0.3539 - val_acc: 0.8683
Epoch 47/50
 - 688s - loss: 0.1360 - acc: 0.9519 - val_loss: 0.3329 - val_acc: 0.8708
Epoch 48/50
