nohup: ignoring input
prepare datasets...
103796
103796
read data cost 163.358228 seconds
Start training ...
training cost 67.753599 seconds
49409
49409
read data cost 310.289176 seconds
Start training ...
Traceback (most recent call last):
  File "Bert_HID_ttest.py", line 85, in <module>
    clf.fit(X_train, y_train)
  File "/opt/anaconda3/lib/python3.7/site-packages/sklearn/linear_model/_logistic.py", line 1527, in fit
    accept_large_sparse=solver != 'liblinear')
  File "/opt/anaconda3/lib/python3.7/site-packages/sklearn/utils/validation.py", line 765, in check_X_y
    check_consistent_length(X, y)
  File "/opt/anaconda3/lib/python3.7/site-packages/sklearn/utils/validation.py", line 212, in check_consistent_length
    " samples: %r" % [int(l) for l in lengths])
ValueError: Found input variables with inconsistent numbers of samples: [49409, 1]
